<?xml version="1.0" encoding="UTF-8"?>
<!-- Generated by org.testng.reporters.JUnitReportReporter -->
<testsuite hostname="Sarath" name="com.acttime.CompaignTest.CompaignTest" tests="1" failures="0" timestamp="19 Sep 2018 11:35:04 GMT" time="0.016" errors="0">
  <testcase name="CompaignTest" time="0.016" classname="com.acttime.CompaignTest.CompaignTest"/>
</testsuite> <!-- com.acttime.CompaignTest.CompaignTest -->
