<?xml version="1.0" encoding="UTF-8"?>
<!-- Generated by org.testng.reporters.JUnitReportReporter -->
<testsuite hostname="Sarath" name="com.crm.organization.OraganizationTest" tests="1" failures="0" timestamp="19 Sep 2018 18:56:05 GMT" time="22.707" errors="0">
  <testcase name="OraganizationTest" time="22.707" classname="com.crm.organization.OraganizationTest"/>
</testsuite> <!-- com.crm.organization.OraganizationTest -->
